<?xml version="1.0" encoding="UTF-8"?>
<testsuite name="com.codurance.ParserShould" tests="4" skipped="0" failures="0" errors="0" timestamp="2021-08-11T16:58:23" hostname="Toms-MacBook-Pro-2.local" time="0.51">
  <properties/>
  <testcase name="throw_invalid_html_exception_for_empty_string()" classname="com.codurance.ParserShould" time="0.049"/>
  <testcase name="html_tag_with_head_tag_returns_html_with_head_tag_as_only_html_node()" classname="com.codurance.ParserShould" time="0.4"/>
  <testcase name="throw_invalid_html_exception_for_null()" classname="com.codurance.ParserShould" time="0.002"/>
  <testcase name="html_with_root_html_node_returns_html_node()" classname="com.codurance.ParserShould" time="0.001"/>
  <system-out><![CDATA[]]></system-out>
  <system-err><![CDATA[]]></system-err>
</testsuite>
