<?xml version="1.0" encoding="UTF-8"?>
<testsuite name="com.codurance.feature.PrintStatementFeatureTest" tests="1" skipped="0" failures="0" errors="0" timestamp="2021-09-13T22:19:42" hostname="Toms-MBP-2" time="0.477">
  <properties/>
  <testcase name="print_statement_containing_all_transactions()" classname="com.codurance.feature.PrintStatementFeatureTest" time="0.477"/>
  <system-out><![CDATA[]]></system-out>
  <system-err><![CDATA[]]></system-err>
</testsuite>
