<?xml version="1.0" encoding="UTF-8"?>
<testsuite name="UnknownClass" tests="4" skipped="0" failures="0" errors="0" timestamp="2021-07-26T16:45:30" hostname="Toms-MacBook-Pro-2.local" time="0.196">
  <properties/>
  <testcase name="Popping from an empty stack" classname="UnknownClass" time="0.18"/>
  <testcase name="Popping from a stack with one element" classname="UnknownClass" time="0.01"/>
  <testcase name="Popping from a stack with two element" classname="UnknownClass" time="0.003"/>
  <testcase name="Popping twice from a stack with two element" classname="UnknownClass" time="0.002"/>
  <system-out><![CDATA[]]></system-out>
  <system-err><![CDATA[]]></system-err>
</testsuite>
