<?xml version="1.0" encoding="UTF-8"?>
<testsuite name="com.codurance.Problem12Should" tests="10" skipped="0" failures="0" errors="0" timestamp="2021-09-15T06:25:35" hostname="Toms-MacBook-Pro-2.local" time="0.217">
  <properties/>
  <testcase name="return_first_eight_triangle_numbers()" classname="com.codurance.Problem12Should" time="0.067"/>
  <testcase name="find_first_triangle_number_with_over_five_divisors()" classname="com.codurance.Problem12Should" time="0.004"/>
  <testcase name="factorsForAnyNumber()" classname="com.codurance.Problem12Should" time="0.001"/>
  <testcase name="factorsForLargeRandomNumber()" classname="com.codurance.Problem12Should" time="0.001"/>
  <testcase name="factorsFor3()" classname="com.codurance.Problem12Should" time="0.001"/>
  <testcase name="factorsForSix()" classname="com.codurance.Problem12Should" time="0.001"/>
  <testcase name="return_first_seven_triangle_numbers()" classname="com.codurance.Problem12Should" time="0.001"/>
  <testcase name="find_first_triangle_number_with_over_500_divisors()" classname="com.codurance.Problem12Should" time="0.138"/>
  <testcase name="return_first_six_triangle_numbers()" classname="com.codurance.Problem12Should" time="0.001"/>
  <testcase name="factorsForLargeRandom10()" classname="com.codurance.Problem12Should" time="0.001"/>
  <system-out><![CDATA[]]></system-out>
  <system-err><![CDATA[]]></system-err>
</testsuite>
