<?xml version="1.0" encoding="UTF-8"?>
<testsuite name="com.codurance.Problem8Should" tests="1" skipped="0" failures="0" errors="0" timestamp="2021-09-08T06:10:33" hostname="Toms-MBP-2" time="0.084">
  <properties/>
  <testcase name="finds_13_digits_with_largest_product_number()" classname="com.codurance.Problem8Should" time="0.084"/>
  <system-out><![CDATA[]]></system-out>
  <system-err><![CDATA[]]></system-err>
</testsuite>
