<?xml version="1.0" encoding="UTF-8"?>
<testsuite name="com.codurance.Problem7Should" tests="1" skipped="0" failures="0" errors="0" timestamp="2021-09-07T05:50:22" hostname="Toms-MBP-2" time="0.097">
  <properties/>
  <testcase name="finds_10_001st_prime_number()" classname="com.codurance.Problem7Should" time="0.097"/>
  <system-out><![CDATA[]]></system-out>
  <system-err><![CDATA[]]></system-err>
</testsuite>
