<?xml version="1.0" encoding="UTF-8"?>
<testsuite name="com.codurance.Problem11Should" tests="2" skipped="0" failures="0" errors="0" timestamp="2021-09-09T20:08:47" hostname="Toms-MacBook-Pro-2.local" time="0.057">
  <properties/>
  <testcase name="getRightDown()" classname="com.codurance.Problem11Should" time="0.054"/>
  <testcase name="getLeftDown()" classname="com.codurance.Problem11Should" time="0.002"/>
  <system-out><![CDATA[]]></system-out>
  <system-err><![CDATA[]]></system-err>
</testsuite>
