<?xml version="1.0" encoding="UTF-8"?>
<testsuite name="com.codurance.Problem11Should" tests="1" skipped="0" failures="0" errors="0" timestamp="2021-09-09T22:01:25" hostname="Toms-MacBook-Pro-2.local" time="0.051">
  <properties/>
  <testcase name="largestProduct()" classname="com.codurance.Problem11Should" time="0.051"/>
  <system-out><![CDATA[]]></system-out>
  <system-err><![CDATA[]]></system-err>
</testsuite>
