<?xml version="1.0" encoding="UTF-8"?>
<testsuite name="com.codurance.Problem1Should" tests="4" skipped="0" failures="0" errors="0" timestamp="2021-08-09T12:55:14" hostname="Toms-MBP-2" time="0.067">
  <properties/>
  <testcase name="sum_multiples_of_three_or_five_below_4()" classname="com.codurance.Problem1Should" time="0.063"/>
  <testcase name="sum_multiples_of_three_or_five_below_6()" classname="com.codurance.Problem1Should" time="0.001"/>
  <testcase name="sum_multiples_of_three_or_five_below_7()" classname="com.codurance.Problem1Should" time="0.0"/>
  <testcase name="sum_233168_for_multiples_of_three_and_five_below_1000()" classname="com.codurance.Problem1Should" time="0.001"/>
  <system-out><![CDATA[]]></system-out>
  <system-err><![CDATA[]]></system-err>
</testsuite>
