<?xml version="1.0" encoding="UTF-8"?>
<testsuite name="com.codurance.Problem9Should" tests="1" skipped="0" failures="0" errors="0" timestamp="2021-09-08T14:44:08" hostname="Toms-MacBook-Pro-2.local" time="0.244">
  <properties/>
  <testcase name="find_triplet_for_numbers_adding_to_1000()" classname="com.codurance.Problem9Should" time="0.244"/>
  <system-out><![CDATA[]]></system-out>
  <system-err><![CDATA[]]></system-err>
</testsuite>
