<?xml version="1.0" encoding="UTF-8"?>
<testsuite name="com.codurance.Problem10Should" tests="3" skipped="0" failures="0" errors="0" timestamp="2021-09-09T06:04:04" hostname="Toms-MacBook-Pro-2.local" time="4.091">
  <properties/>
  <testcase name="checkForPrimeFor5()" classname="com.codurance.Problem10Should" time="0.137"/>
  <testcase name="sumOfPrimesBelow2_000_000()" classname="com.codurance.Problem10Should" time="3.942"/>
  <testcase name="sumOfPrimesBelow10()" classname="com.codurance.Problem10Should" time="0.007"/>
  <system-out><![CDATA[]]></system-out>
  <system-err><![CDATA[]]></system-err>
</testsuite>
