<?xml version="1.0" encoding="UTF-8"?>
<testsuite name="com.codurance.Problem8Should" tests="2" skipped="0" failures="0" errors="0" timestamp="2021-09-07T07:08:26" hostname="Toms-MBP-2" time="0.063">
  <properties/>
  <testcase name="thirteen_digits_with_largest_product_number()" classname="com.codurance.Problem8Should" time="0.06"/>
  <testcase name="four_digits_with_largest_product_number()" classname="com.codurance.Problem8Should" time="0.002"/>
  <system-out><![CDATA[]]></system-out>
  <system-err><![CDATA[]]></system-err>
</testsuite>
