<?xml version="1.0" encoding="UTF-8"?>
<testsuite name="com.codurance.Problem12Should" tests="6" skipped="0" failures="0" errors="0" timestamp="2021-09-13T08:38:38" hostname="Toms-MacBook-Pro-2.local" time="0.063">
  <properties/>
  <testcase name="return_first_eight_triangle_numbers()" classname="com.codurance.Problem12Should" time="0.055"/>
  <testcase name="find_first_triangle_number_with_over_five_divisors()" classname="com.codurance.Problem12Should" time="0.003"/>
  <testcase name="factorsFor3()" classname="com.codurance.Problem12Should" time="0.001"/>
  <testcase name="factorsForSix()" classname="com.codurance.Problem12Should" time="0.0"/>
  <testcase name="return_first_seven_triangle_numbers()" classname="com.codurance.Problem12Should" time="0.001"/>
  <testcase name="return_first_six_triangle_numbers()" classname="com.codurance.Problem12Should" time="0.0"/>
  <system-out><![CDATA[]]></system-out>
  <system-err><![CDATA[]]></system-err>
</testsuite>
